[06:01:15] [main/INFO]: Environment: authHost='https://authserver.mojang.com', accountsHost='https://api.mojang.com', sessionHost='https://sessionserver.mojang.com', servicesHost='https://api.minecraftservices.com', name='PROD'
[06:01:15] [main/INFO]: Found new data pack file/bukkit, loading it automatically
[06:01:15] [main/INFO]: Reloading ResourceManager: Default, bukkit
[06:01:15] [Worker-Main-13/INFO]: Loaded 7 recipes
[06:01:16] [Server thread/INFO]: Starting minecraft server version 1.16.4
[06:01:16] [Server thread/INFO]: Loading properties
[06:01:16] [Server thread/INFO]: This server is running CraftBukkit version git-Spigot-ff439d1-ff2b944 (MC: 1.16.4) (Implementing API version 1.16.4-R0.1-SNAPSHOT)
[06:01:16] [Server thread/INFO]: Server Ping Player Sample Count: 12
[06:01:16] [Server thread/INFO]: Using 4 threads for Netty based IO
[06:01:16] [Server thread/INFO]: Debug logging is disabled
[06:01:16] [Server thread/INFO]: Default game type: SURVIVAL
[06:01:16] [Server thread/INFO]: Generating keypair
[06:01:16] [Server thread/INFO]: Starting Minecraft server on *:25565
[06:01:17] [Server thread/INFO]: Using epoll channel type
[06:01:17] [Server thread/INFO]: Preparing level "world"
[06:01:17] [Server thread/INFO]: -------- World Settings For [world] --------
[06:01:17] [Server thread/INFO]: Experience Merge Radius: 3.0
[06:01:17] [Server thread/INFO]: Mob Spawn Range: 6
[06:01:17] [Server thread/INFO]: Cactus Growth Modifier: 100%
[06:01:17] [Server thread/INFO]: Cane Growth Modifier: 100%
[06:01:17] [Server thread/INFO]: Melon Growth Modifier: 100%
[06:01:17] [Server thread/INFO]: Mushroom Growth Modifier: 100%
[06:01:17] [Server thread/INFO]: Pumpkin Growth Modifier: 100%
[06:01:17] [Server thread/INFO]: Sapling Growth Modifier: 100%
[06:01:17] [Server thread/INFO]: Beetroot Growth Modifier: 100%
[06:01:17] [Server thread/INFO]: Carrot Growth Modifier: 100%
[06:01:17] [Server thread/INFO]: Potato Growth Modifier: 100%
[06:01:17] [Server thread/INFO]: Wheat Growth Modifier: 100%
[06:01:17] [Server thread/INFO]: NetherWart Growth Modifier: 100%
[06:01:17] [Server thread/INFO]: Vine Growth Modifier: 100%
[06:01:17] [Server thread/INFO]: Cocoa Growth Modifier: 100%
[06:01:17] [Server thread/INFO]: Bamboo Growth Modifier: 100%
[06:01:17] [Server thread/INFO]: SweetBerry Growth Modifier: 100%
[06:01:17] [Server thread/INFO]: Kelp Growth Modifier: 100%
[06:01:17] [Server thread/INFO]: Entity Activation Range: An 32 / Mo 32 / Ra 48 / Mi 16 / Tiv true
[06:01:17] [Server thread/INFO]: Hopper Transfer: 8 Hopper Check: 1 Hopper Amount: 1
[06:01:17] [Server thread/INFO]: Custom Map Seeds:  Village: 10387312 Desert: 14357617 Igloo: 14357618 Jungle: 14357619 Swamp: 14357620 Monument: 10387313 Ocean: 14357621 Shipwreck: 165745295 End City: 10387313 Slime: 987234911 Bastion: 30084232 Fortress: 30084232 Mansion: 10387319 Fossil: 14357921 Portal: 34222645
[06:01:17] [Server thread/INFO]: Max TNT Explosions: 100
[06:01:17] [Server thread/INFO]: Tile Max Tick Time: 50ms Entity max Tick Time: 50ms
[06:01:17] [Server thread/INFO]: Entity Tracking Range: Pl 48 / An 48 / Mo 48 / Mi 32 / Other 64
[06:01:17] [Server thread/INFO]: Allow Zombie Pigmen to spawn from portal blocks: true
[06:01:17] [Server thread/INFO]: Item Merge Radius: 2.5
[06:01:17] [Server thread/INFO]: Item Despawn Rate: 6000
[06:01:17] [Server thread/INFO]: View Distance: 10
[06:01:17] [Server thread/INFO]: Arrow Despawn Rate: 1200 Trident Respawn Rate:1200
[06:01:17] [Server thread/INFO]: Zombie Aggressive Towards Villager: true
[06:01:17] [Server thread/INFO]: Nerfing mobs spawned from spawners: false
[06:01:20] [Server thread/INFO]: -------- World Settings For [world_nether] --------
[06:01:20] [Server thread/INFO]: Experience Merge Radius: 3.0
[06:01:20] [Server thread/INFO]: Mob Spawn Range: 6
[06:01:20] [Server thread/INFO]: Cactus Growth Modifier: 100%
[06:01:20] [Server thread/INFO]: Cane Growth Modifier: 100%
[06:01:20] [Server thread/INFO]: Melon Growth Modifier: 100%
[06:01:20] [Server thread/INFO]: Mushroom Growth Modifier: 100%
[06:01:20] [Server thread/INFO]: Pumpkin Growth Modifier: 100%
[06:01:20] [Server thread/INFO]: Sapling Growth Modifier: 100%
[06:01:20] [Server thread/INFO]: Beetroot Growth Modifier: 100%
[06:01:20] [Server thread/INFO]: Carrot Growth Modifier: 100%
[06:01:20] [Server thread/INFO]: Potato Growth Modifier: 100%
[06:01:20] [Server thread/INFO]: Wheat Growth Modifier: 100%
[06:01:20] [Server thread/INFO]: NetherWart Growth Modifier: 100%
[06:01:20] [Server thread/INFO]: Vine Growth Modifier: 100%
[06:01:20] [Server thread/INFO]: Cocoa Growth Modifier: 100%
[06:01:20] [Server thread/INFO]: Bamboo Growth Modifier: 100%
[06:01:20] [Server thread/INFO]: SweetBerry Growth Modifier: 100%
[06:01:20] [Server thread/INFO]: Kelp Growth Modifier: 100%
[06:01:20] [Server thread/INFO]: Entity Activation Range: An 32 / Mo 32 / Ra 48 / Mi 16 / Tiv true
[06:01:20] [Server thread/INFO]: Hopper Transfer: 8 Hopper Check: 1 Hopper Amount: 1
[06:01:20] [Server thread/INFO]: Custom Map Seeds:  Village: 10387312 Desert: 14357617 Igloo: 14357618 Jungle: 14357619 Swamp: 14357620 Monument: 10387313 Ocean: 14357621 Shipwreck: 165745295 End City: 10387313 Slime: 987234911 Bastion: 30084232 Fortress: 30084232 Mansion: 10387319 Fossil: 14357921 Portal: 34222645
[06:01:20] [Server thread/INFO]: Max TNT Explosions: 100
[06:01:20] [Server thread/INFO]: Tile Max Tick Time: 50ms Entity max Tick Time: 50ms
[06:01:20] [Server thread/INFO]: Entity Tracking Range: Pl 48 / An 48 / Mo 48 / Mi 32 / Other 64
[06:01:20] [Server thread/INFO]: Allow Zombie Pigmen to spawn from portal blocks: true
[06:01:20] [Server thread/INFO]: Item Merge Radius: 2.5
[06:01:20] [Server thread/INFO]: Item Despawn Rate: 6000
[06:01:20] [Server thread/INFO]: View Distance: 10
[06:01:20] [Server thread/INFO]: Arrow Despawn Rate: 1200 Trident Respawn Rate:1200
[06:01:20] [Server thread/INFO]: Zombie Aggressive Towards Villager: true
[06:01:20] [Server thread/INFO]: Nerfing mobs spawned from spawners: false
[06:01:20] [Server thread/WARN]: Unable to find spawn biome
[06:01:20] [Server thread/INFO]: -------- World Settings For [world_the_end] --------
[06:01:20] [Server thread/INFO]: Experience Merge Radius: 3.0
[06:01:20] [Server thread/INFO]: Mob Spawn Range: 6
[06:01:20] [Server thread/INFO]: Cactus Growth Modifier: 100%
[06:01:20] [Server thread/INFO]: Cane Growth Modifier: 100%
[06:01:20] [Server thread/INFO]: Melon Growth Modifier: 100%
[06:01:20] [Server thread/INFO]: Mushroom Growth Modifier: 100%
[06:01:20] [Server thread/INFO]: Pumpkin Growth Modifier: 100%
[06:01:20] [Server thread/INFO]: Sapling Growth Modifier: 100%
[06:01:20] [Server thread/INFO]: Beetroot Growth Modifier: 100%
[06:01:20] [Server thread/INFO]: Carrot Growth Modifier: 100%
[06:01:20] [Server thread/INFO]: Potato Growth Modifier: 100%
[06:01:20] [Server thread/INFO]: Wheat Growth Modifier: 100%
[06:01:20] [Server thread/INFO]: NetherWart Growth Modifier: 100%
[06:01:20] [Server thread/INFO]: Vine Growth Modifier: 100%
[06:01:20] [Server thread/INFO]: Cocoa Growth Modifier: 100%
[06:01:20] [Server thread/INFO]: Bamboo Growth Modifier: 100%
[06:01:20] [Server thread/INFO]: SweetBerry Growth Modifier: 100%
[06:01:20] [Server thread/INFO]: Kelp Growth Modifier: 100%
[06:01:20] [Server thread/INFO]: Entity Activation Range: An 32 / Mo 32 / Ra 48 / Mi 16 / Tiv true
[06:01:20] [Server thread/INFO]: Hopper Transfer: 8 Hopper Check: 1 Hopper Amount: 1
[06:01:20] [Server thread/INFO]: Custom Map Seeds:  Village: 10387312 Desert: 14357617 Igloo: 14357618 Jungle: 14357619 Swamp: 14357620 Monument: 10387313 Ocean: 14357621 Shipwreck: 165745295 End City: 10387313 Slime: 987234911 Bastion: 30084232 Fortress: 30084232 Mansion: 10387319 Fossil: 14357921 Portal: 34222645
[06:01:20] [Server thread/INFO]: Max TNT Explosions: 100
[06:01:20] [Server thread/INFO]: Tile Max Tick Time: 50ms Entity max Tick Time: 50ms
[06:01:20] [Server thread/INFO]: Entity Tracking Range: Pl 48 / An 48 / Mo 48 / Mi 32 / Other 64
[06:01:20] [Server thread/INFO]: Allow Zombie Pigmen to spawn from portal blocks: true
[06:01:20] [Server thread/INFO]: Item Merge Radius: 2.5
[06:01:20] [Server thread/INFO]: Item Despawn Rate: 6000
[06:01:20] [Server thread/INFO]: View Distance: 10
[06:01:20] [Server thread/INFO]: Arrow Despawn Rate: 1200 Trident Respawn Rate:1200
[06:01:20] [Server thread/INFO]: Zombie Aggressive Towards Villager: true
[06:01:20] [Server thread/INFO]: Nerfing mobs spawned from spawners: false
[06:01:20] [Server thread/WARN]: Unable to find spawn biome
[06:01:20] [Server thread/INFO]: Preparing start region for dimension minecraft:overworld
[06:01:21] [Worker-Main-10/INFO]: Preparing spawn area: 0%
[06:01:21] [Worker-Main-14/INFO]: Preparing spawn area: 0%
[06:01:21] [Worker-Main-8/INFO]: Preparing spawn area: 3%
[06:01:22] [Worker-Main-13/INFO]: Preparing spawn area: 6%
[06:01:22] [Worker-Main-10/INFO]: Preparing spawn area: 11%
[06:01:23] [Worker-Main-11/INFO]: Preparing spawn area: 15%
[06:01:23] [Worker-Main-8/INFO]: Preparing spawn area: 20%
[06:01:24] [Worker-Main-9/INFO]: Preparing spawn area: 25%
[06:01:25] [Worker-Main-9/INFO]: Preparing spawn area: 29%
[06:01:25] [Worker-Main-9/INFO]: Preparing spawn area: 35%
[06:01:25] [Worker-Main-8/INFO]: Preparing spawn area: 42%
[06:01:26] [Worker-Main-12/INFO]: Preparing spawn area: 48%
[06:01:27] [Worker-Main-10/INFO]: Preparing spawn area: 55%
[06:01:27] [Worker-Main-12/INFO]: Preparing spawn area: 60%
[06:01:28] [Worker-Main-8/INFO]: Preparing spawn area: 65%
[06:01:28] [Worker-Main-9/INFO]: Preparing spawn area: 71%
[06:01:28] [Worker-Main-13/INFO]: Preparing spawn area: 76%
[06:01:29] [Worker-Main-11/INFO]: Preparing spawn area: 83%
[06:01:29] [Worker-Main-11/INFO]: Preparing spawn area: 88%
[06:01:30] [Worker-Main-11/INFO]: Preparing spawn area: 94%
[06:01:30] [Server thread/INFO]: Time elapsed: 9843 ms
[06:01:30] [Server thread/INFO]: Preparing start region for dimension minecraft:the_nether
[06:01:30] [Worker-Main-10/INFO]: Preparing spawn area: 0%
[06:01:31] [Worker-Main-11/INFO]: Preparing spawn area: 2%
[06:01:31] [Worker-Main-12/INFO]: Preparing spawn area: 8%
[06:01:32] [Worker-Main-14/INFO]: Preparing spawn area: 15%
[06:01:32] [Worker-Main-14/INFO]: Preparing spawn area: 21%
[06:01:33] [Worker-Main-13/INFO]: Preparing spawn area: 29%
[06:01:33] [Worker-Main-11/INFO]: Preparing spawn area: 38%
[06:01:34] [Worker-Main-14/INFO]: Preparing spawn area: 48%
[06:01:34] [Worker-Main-12/INFO]: Preparing spawn area: 59%
[06:01:35] [Worker-Main-9/INFO]: Preparing spawn area: 70%
[06:01:35] [Worker-Main-9/INFO]: Preparing spawn area: 83%
[06:01:36] [Worker-Main-9/INFO]: Preparing spawn area: 94%
[06:01:36] [Server thread/INFO]: Time elapsed: 5711 ms
[06:01:36] [Server thread/INFO]: Preparing start region for dimension minecraft:the_end
[06:01:36] [Worker-Main-13/INFO]: Preparing spawn area: 0%
[06:01:37] [Worker-Main-14/INFO]: Preparing spawn area: 31%
[06:01:37] [Worker-Main-11/INFO]: Preparing spawn area: 94%
[06:01:37] [Server thread/INFO]: Time elapsed: 1039 ms
[06:01:37] [Server thread/INFO]: Done (20.125s)! For help, type "help"
[06:02:05] [Server thread/INFO]: Unknown command. Type "/help" for help.[m
[06:02:06] [Server thread/INFO]: [Server] a
[06:02:12] [Server thread/INFO]: Stopping the server
[06:02:12] [Server thread/INFO]: Stopping server
[06:02:12] [Server thread/INFO]: Saving players
[06:02:12] [Server thread/INFO]: Saving worlds
[06:02:12] [Server thread/INFO]: Saving chunks for level 'ServerLevel[world]'/minecraft:overworld
[06:02:14] [Server thread/INFO]: ThreadedAnvilChunkStorage (world): All chunks are saved
[06:02:14] [Server thread/INFO]: Saving chunks for level 'ServerLevel[world_nether]'/minecraft:the_nether
[06:02:15] [Server thread/INFO]: ThreadedAnvilChunkStorage (DIM-1): All chunks are saved
[06:02:15] [Server thread/INFO]: Saving chunks for level 'ServerLevel[world_the_end]'/minecraft:the_end
[06:02:16] [Server thread/INFO]: ThreadedAnvilChunkStorage (DIM1): All chunks are saved
[06:02:16] [Server thread/INFO]: ThreadedAnvilChunkStorage (world): All chunks are saved
[06:02:16] [Server thread/INFO]: ThreadedAnvilChunkStorage (DIM-1): All chunks are saved
[06:02:16] [Server thread/INFO]: ThreadedAnvilChunkStorage (DIM1): All chunks are saved
